<?xml version="1.0" encoding="UTF-8"?>
<!-- Generated by org.testng.reporters.JUnitReportReporter -->
<testsuite hostname="Vivek" failures="0" tests="1" name="testCases.TC_AB_003AddressbookfromSitemapPG" time="2.918" errors="0" timestamp="2024-10-01T17:58:22 EDT" skipped="0">
  <testcase classname="testCases.TC_AB_003AddressbookfromSitemapPG" name="AddressbookfromSitemapPG" time="2.918"/>
</testsuite> <!-- testCases.TC_AB_003AddressbookfromSitemapPG -->
