<?xml version="1.0" encoding="UTF-8"?>
<!-- Generated by org.testng.reporters.JUnitReportReporter -->
<testsuite hostname="Vivek" failures="0" tests="1" name="testCases.TC_010_ProductComparisonTestTest" time="8.451" errors="0" timestamp="2024-10-01T17:56:33 EDT" skipped="0">
  <testcase classname="testCases.TC_010_ProductComparisonTestTest" name="Verify_ProductComparison" time="8.451"/>
</testsuite> <!-- testCases.TC_010_ProductComparisonTestTest -->
