<?xml version="1.0" encoding="UTF-8"?>
<!-- Generated by org.testng.reporters.JUnitReportReporter -->
<testsuite hostname="Vivek" failures="0" tests="1" name="testCases.TC_23_AddingprdcttoWishlist" time="4.702" errors="0" timestamp="2025-03-06T23:05:20 EST" skipped="0">
  <testcase classname="testCases.TC_23_AddingprdcttoWishlist" name="Verify_addprdcttowishlist" time="4.702"/>
</testsuite> <!-- testCases.TC_23_AddingprdcttoWishlist -->
