<?xml version="1.0" encoding="UTF-8"?>
<!-- Generated by org.testng.reporters.JUnitReportReporter -->
<testsuite hostname="Vivek" failures="0" tests="1" name="testCases.TC_27_ProductImageinCartbtn" time="14.197" errors="0" timestamp="2024-10-01T17:57:16 EDT" skipped="0">
  <testcase classname="testCases.TC_27_ProductImageinCartbtn" name="verify_productimgincart" time="14.197"/>
</testsuite> <!-- testCases.TC_27_ProductImageinCartbtn -->
